\BOOKMARK [0][-]{Doc-Start}{Acknowledgement}{}% 1
\BOOKMARK [0][-]{Doc-Start}{Abstract}{}% 2
\BOOKMARK [0][-]{chapter.1}{Introduction}{}% 3
\BOOKMARK [1][-]{section.1.1}{Motivation}{chapter.1}% 4
\BOOKMARK [1][-]{section.1.2}{Problem Definition}{chapter.1}% 5
\BOOKMARK [0][-]{chapter.2}{Literature Survey}{}% 6
\BOOKMARK [0][-]{chapter.3}{Software Requirement Specification}{}% 7
\BOOKMARK [1][-]{section.3.1}{Introduction}{chapter.3}% 8
\BOOKMARK [2][-]{subsection.3.1.1}{Project Scope}{section.3.1}% 9
\BOOKMARK [2][-]{subsection.3.1.2}{User Classes and Characteristics}{section.3.1}% 10
\BOOKMARK [2][-]{subsection.3.1.3}{Assumptions and Dependencies}{section.3.1}% 11
\BOOKMARK [1][-]{section.3.2}{Functional Requirements}{chapter.3}% 12
\BOOKMARK [1][-]{section.3.3}{Extrenal Interface Requirements}{chapter.3}% 13
\BOOKMARK [2][-]{subsection.3.3.1}{User Interfaces}{section.3.3}% 14
\BOOKMARK [2][-]{subsection.3.3.2}{Hardware Interface}{section.3.3}% 15
\BOOKMARK [2][-]{subsection.3.3.3}{Software Interface}{section.3.3}% 16
\BOOKMARK [2][-]{subsection.3.3.4}{Communication Interface}{section.3.3}% 17
\BOOKMARK [1][-]{section.3.4}{Nonfunctional Requirements}{chapter.3}% 18
\BOOKMARK [2][-]{subsection.3.4.1}{Performance Requirements}{section.3.4}% 19
\BOOKMARK [2][-]{subsection.3.4.2}{Safety Requirements}{section.3.4}% 20
\BOOKMARK [2][-]{subsection.3.4.3}{Security Requirements}{section.3.4}% 21
\BOOKMARK [2][-]{subsection.3.4.4}{Software Quality Requirements}{section.3.4}% 22
\BOOKMARK [1][-]{section.3.5}{System Requirements}{chapter.3}% 23
\BOOKMARK [2][-]{subsection.3.5.1}{Databse Requirements}{section.3.5}% 24
\BOOKMARK [2][-]{subsection.3.5.2}{Software Requirements }{section.3.5}% 25
\BOOKMARK [2][-]{subsection.3.5.3}{Hardware Requirements}{section.3.5}% 26
\BOOKMARK [0][-]{chapter.4}{System Design}{}% 27
\BOOKMARK [1][-]{section.4.1}{System Architecture}{chapter.4}% 28
\BOOKMARK [1][-]{section.4.2}{Working of the Proposed System}{chapter.4}% 29
\BOOKMARK [1][-]{section.4.3}{Implementation Details \(Modules\)}{chapter.4}% 30
\BOOKMARK [2][-]{subsection.4.3.1}{Hardware module }{section.4.3}% 31
\BOOKMARK [2][-]{subsection.4.3.2}{Software Module}{section.4.3}% 32
\BOOKMARK [2][-]{subsection.4.3.3}{Database Module}{section.4.3}% 33
\BOOKMARK [1][-]{section.4.4}{Data Flow Diagrams}{chapter.4}% 34
\BOOKMARK [1][-]{section.4.5}{Use Case Diagram}{chapter.4}% 35
\BOOKMARK [1][-]{section.4.6}{Activity Diagram}{chapter.4}% 36
\BOOKMARK [1][-]{section.4.7}{Class Diagram}{chapter.4}% 37
\BOOKMARK [1][-]{section.4.8}{Sequence Diagram}{chapter.4}% 38
\BOOKMARK [1][-]{section.4.9}{Component Diagram}{chapter.4}% 39
\BOOKMARK [1][-]{section.4.10}{Deployment Diagram}{chapter.4}% 40
\BOOKMARK [0][-]{chapter.5}{Other Specification}{}% 41
\BOOKMARK [1][-]{section.5.1}{Advantages}{chapter.5}% 42
\BOOKMARK [1][-]{section.5.2}{Limitations}{chapter.5}% 43
\BOOKMARK [1][-]{section.5.3}{Applications}{chapter.5}% 44
\BOOKMARK [0][-]{chapter.6}{Conclusion }{}% 45
\BOOKMARK [0][-]{chapter.6}{APPENDICES}{}% 46
\BOOKMARK [0][-]{appendix.A}{Laboratory assignments on Project Analysis of Algorithmic Design}{}% 47
\BOOKMARK [1][-]{section.A.1}{Introduction to IDEA Matrix:}{appendix.A}% 48
\BOOKMARK [1][-]{section.A.2}{Introduction to Knowledge of Canvas:}{appendix.A}% 49
\BOOKMARK [1][-]{section.A.3}{NP Hard - NP Complete Analysis:}{appendix.A}% 50
\BOOKMARK [2][-]{subsection.A.3.1}{P}{section.A.3}% 51
\BOOKMARK [2][-]{subsection.A.3.2}{ NP-hard}{section.A.3}% 52
\BOOKMARK [2][-]{subsection.A.3.3}{NP-complete}{section.A.3}% 53
\BOOKMARK [2][-]{subsection.A.3.4}{NP-easy}{section.A.3}% 54
\BOOKMARK [2][-]{subsection.A.3.5}{NP-equivalent}{section.A.3}% 55
\BOOKMARK [0][-]{appendix.B}{Base Paper}{}% 56
\BOOKMARK [0][-]{appendix.C}{References}{}% 57
